2024-12-25 09:54:50,830 - ERROR - Erro ao tentar atualizar a lista de programas: name 'InstalledProgramsThread' is not defined
2024-12-25 09:55:05,880 - ERROR - Erro ao tentar atualizar a lista de programas: name 'InstalledProgramsThread' is not defined
2024-12-25 10:41:23,684 - ERROR - Erro ao tentar desinstalar o programa 'AutoHotkey': name 'subprocess' is not defined
2024-12-25 10:41:32,912 - ERROR - Erro ao tentar desinstalar o programa 'Bandicut': name 'subprocess' is not defined
2024-12-25 10:41:40,736 - ERROR - Erro ao tentar desinstalar o programa 'Hard Disk Sentinel PRO': name 'subprocess' is not defined
2024-12-25 10:41:49,376 - ERROR - Erro ao tentar desinstalar o programa 'Wise Game Booster': name 'subprocess' is not defined
2024-12-25 10:43:49,838 - ERROR - Erro ao tentar atualizar a tabela de programas: 'InstalledProgramsTab' object has no attribute 'get_program_install_date'
2024-12-25 10:43:54,272 - ERROR - Erro ao tentar atualizar a tabela de programas: 'InstalledProgramsTab' object has no attribute 'get_program_install_date'
2024-12-25 10:52:30,986 - INFO - Iniciando desinstalação de 2 programas...
2024-12-25 10:52:30,987 - INFO - Tentando desinstalar 'Bandicut'...
2024-12-25 10:52:30,987 - INFO - Executando: "C:\Program Files\Bandicut\uninstall.exe"
2024-12-25 10:52:31,072 - INFO - Desinstalação de 'Bandicut' realizada com sucesso.
2024-12-25 10:52:50,126 - INFO - Tentando desinstalar 'AutoHotkey'...
2024-12-25 10:52:50,127 - INFO - Executando: "C:\Program Files\AutoHotkey\UX\AutoHotkeyUX.exe" "C:\Program Files\AutoHotkey\UX\ui-uninstall.ahk"
2024-12-25 10:52:54,689 - INFO - Desinstalação de 'AutoHotkey' realizada com sucesso.
2024-12-25 10:56:22,874 - INFO - Iniciando desinstalação de 2 programas...
2024-12-25 10:56:22,875 - INFO - Tentando desinstalar 'AutoHotkey'...
2024-12-25 10:56:22,875 - INFO - Executando: "C:\Program Files\AutoHotkey\UX\AutoHotkeyUX.exe" "C:\Program Files\AutoHotkey\UX\ui-uninstall.ahk"
2024-12-25 10:56:26,231 - INFO - Desinstalação de 'AutoHotkey' realizada com sucesso.
2024-12-25 10:56:27,279 - INFO - Tentando desinstalar 'Wise Game Booster'...
2024-12-25 10:56:27,279 - INFO - Executando: "C:\Program Files (x86)\Wise\Wise Game Booster\unins000.exe"
2024-12-25 10:56:29,168 - INFO - Desinstalação de 'Wise Game Booster' realizada com sucesso.
2024-12-25 11:00:23,934 - INFO - Iniciando desinstalação de 2 programas...
2024-12-25 11:00:23,936 - INFO - Tentando desinstalar 'AutoHotkey'...
2024-12-25 11:00:23,936 - INFO - Executando: "C:\Program Files\AutoHotkey\UX\AutoHotkeyUX.exe" "C:\Program Files\AutoHotkey\UX\ui-uninstall.ahk"
2024-12-25 11:00:26,602 - INFO - Desinstalação de 'AutoHotkey' realizada com sucesso.
2024-12-25 11:00:27,972 - INFO - Tentando desinstalar 'Wise Game Booster'...
2024-12-25 11:00:27,972 - INFO - Executando: "C:\Program Files (x86)\Wise\Wise Game Booster\unins000.exe"
2024-12-25 11:00:29,634 - INFO - Desinstalação de 'Wise Game Booster' realizada com sucesso.
2024-12-25 11:04:27,754 - ERROR - Erro ao tentar atualizar a lista de programas: name 'listar_programas_instalados' is not defined
2024-12-25 11:04:42,287 - ERROR - Erro ao tentar atualizar a lista de programas: name 'listar_programas_instalados' is not defined
2024-12-25 11:07:00,994 - INFO - Iniciando desinstalação de 3 programas...
2024-12-25 11:07:00,995 - ERROR - Não foi possível encontrar o caminho de desinstalação para 'Voicemeeter, The Virtual Mixing Console'.
2024-12-25 11:07:04,966 - INFO - Tentando desinstalar 'VBCABLE, The Virtual Audio Cable'...
2024-12-25 11:07:04,967 - INFO - Executando: C:\Program Files\VB\CABLE\VBCABLE_Setup_x64.exe
2024-12-25 11:07:07,615 - INFO - Desinstalação de 'VBCABLE, The Virtual Audio Cable' realizada com sucesso.
2024-12-25 11:07:09,671 - ERROR - Não foi possível encontrar o caminho de desinstalação para 'Process Lasso'.
2024-12-25 11:07:35,629 - INFO - Iniciando desinstalação de 'Wise Game Booster'...
2024-12-25 11:07:35,630 - ERROR - Não foi possível encontrar o caminho de desinstalação para 'Wise Game Booster'.
2024-12-25 11:07:48,086 - INFO - Iniciando desinstalação de 'Wise Game Booster'...
2024-12-25 11:07:48,087 - ERROR - Não foi possível encontrar o caminho de desinstalação para 'Wise Game Booster'.
2024-12-25 11:07:51,024 - INFO - Iniciando desinstalação de 'Wise Game Booster'...
2024-12-25 11:07:51,026 - ERROR - Não foi possível encontrar o caminho de desinstalação para 'Wise Game Booster'.
2024-12-25 11:08:15,531 - INFO - Iniciando desinstalação de 'Wise Game Booster'...
2024-12-25 11:08:15,532 - ERROR - Não foi possível encontrar o caminho de desinstalação para 'Wise Game Booster'.
2024-12-25 11:15:33,182 - ERROR - Não foi possível encontrar o caminho de desinstalação para 'Wise Game Booster'.
2024-12-25 11:15:43,035 - INFO - Iniciando desinstalação de 2 programas...
2024-12-25 11:15:43,036 - ERROR - Não foi possível encontrar o caminho de desinstalação para 'Wise Game Booster'.
2024-12-25 11:15:44,026 - ERROR - Não foi possível encontrar o caminho de desinstalação para 'Windows SDK AddOn'.
2024-12-25 11:15:54,522 - ERROR - Não foi possível encontrar o caminho de desinstalação para 'Wise Game Booster'.
2024-12-25 11:18:59,644 - INFO - Iniciando desinstalação de 'Wise Game Booster'...
2024-12-25 11:18:59,645 - ERROR - Não foi possível encontrar o caminho de desinstalação para 'Wise Game Booster'.
2024-12-25 11:19:03,462 - INFO - Iniciando desinstalação de 'Wise Game Booster'...
2024-12-25 11:19:03,463 - ERROR - Não foi possível encontrar o caminho de desinstalação para 'Wise Game Booster'.
2024-12-25 11:19:11,230 - INFO - Iniciando desinstalação de 'AnyDesk'...
2024-12-25 11:19:11,231 - ERROR - Não foi possível encontrar o caminho de desinstalação para 'AnyDesk'.
2024-12-25 11:20:18,077 - INFO - Iniciando desinstalação de 'Wise Game Booster'...
2024-12-25 11:20:18,078 - INFO - Tentando desinstalar 'Wise Game Booster'...
2024-12-25 11:20:18,078 - INFO - Executando: "C:\Program Files (x86)\Wise\Wise Game Booster\unins000.exe"
2024-12-25 11:20:21,680 - ERROR - Falha ao desinstalar 'Wise Game Booster'.
2024-12-25 11:21:00,760 - INFO - Iniciando desinstalação de 3 programas...
2024-12-25 11:21:00,761 - INFO - Tentando desinstalar 'AutoHotkey'...
2024-12-25 11:21:00,761 - INFO - Executando: "C:\Program Files\AutoHotkey\UX\AutoHotkeyUX.exe" "C:\Program Files\AutoHotkey\UX\ui-uninstall.ahk"
2024-12-25 11:21:03,139 - INFO - Desinstalação de 'AutoHotkey' realizada com sucesso.
2024-12-25 11:21:04,384 - INFO - Tentando desinstalar 'Process Lasso'...
2024-12-25 11:21:04,385 - INFO - Executando: "C:\Program Files\Process Lasso\uninstall.exe"
2024-12-25 11:21:04,455 - INFO - Desinstalação de 'Process Lasso' realizada com sucesso.
2024-12-25 11:21:10,248 - INFO - Tentando desinstalar 'Wise Game Booster'...
2024-12-25 11:21:10,248 - INFO - Executando: "C:\Program Files (x86)\Wise\Wise Game Booster\unins000.exe"
2024-12-25 11:21:12,009 - INFO - Desinstalação de 'Wise Game Booster' realizada com sucesso.
